2021-11-11 13:50:59.201 === [main] === INFO  === c.f.springboot.SpringBoot03LoggingApplicationTests - Starting SpringBoot03LoggingApplicationTests on DESKTOP-HKJ8HDD with PID 6308 (started by Kavin in D:\MyCode\springboot1\spring-boot-03-logging)
2021-11-11 13:50:59.202 === [main] === DEBUG === c.f.springboot.SpringBoot03LoggingApplicationTests - Running with Spring Boot v1.5.9.RELEASE, Spring v4.3.13.RELEASE
2021-11-11 13:50:59.202 === [main] === INFO  === c.f.springboot.SpringBoot03LoggingApplicationTests - No active profile set, falling back to default profiles: default
2021-11-11 13:50:59.224 === [main] === INFO  === o.s.w.context.support.GenericWebApplicationContext - Refreshing org.springframework.web.context.support.GenericWebApplicationContext@1757cd72: startup date [Thu Nov 11 13:50:59 CST 2021]; root of context hierarchy
2021-11-11 13:50:59.922 === [main] === INFO  === o.s.w.s.m.m.a.RequestMappingHandlerAdapter - Looking for @ControllerAdvice: org.springframework.web.context.support.GenericWebApplicationContext@1757cd72: startup date [Thu Nov 11 13:50:59 CST 2021]; root of context hierarchy
2021-11-11 13:50:59.959 === [main] === INFO  === o.s.w.s.m.m.a.RequestMappingHandlerMapping - Mapped "{[/error]}" onto public org.springframework.http.ResponseEntity<java.util.Map<java.lang.String, java.lang.Object>> org.springframework.boot.autoconfigure.web.BasicErrorController.error(javax.servlet.http.HttpServletRequest)
2021-11-11 13:50:59.960 === [main] === INFO  === o.s.w.s.m.m.a.RequestMappingHandlerMapping - Mapped "{[/error],produces=[text/html]}" onto public org.springframework.web.servlet.ModelAndView org.springframework.boot.autoconfigure.web.BasicErrorController.errorHtml(javax.servlet.http.HttpServletRequest,javax.servlet.http.HttpServletResponse)
2021-11-11 13:50:59.978 === [main] === INFO  === o.s.web.servlet.handler.SimpleUrlHandlerMapping - Mapped URL path [/webjars/**] onto handler of type [class org.springframework.web.servlet.resource.ResourceHttpRequestHandler]
2021-11-11 13:50:59.979 === [main] === INFO  === o.s.web.servlet.handler.SimpleUrlHandlerMapping - Mapped URL path [/**] onto handler of type [class org.springframework.web.servlet.resource.ResourceHttpRequestHandler]
2021-11-11 13:50:59.999 === [main] === INFO  === o.s.web.servlet.handler.SimpleUrlHandlerMapping - Mapped URL path [/**/favicon.ico] onto handler of type [class org.springframework.web.servlet.resource.ResourceHttpRequestHandler]
2021-11-11 13:51:00.090 === [main] === INFO  === c.f.springboot.SpringBoot03LoggingApplicationTests - Started SpringBoot03LoggingApplicationTests in 1.046 seconds (JVM running for 1.43)
2021-11-11 13:51:00.124 === [main] === TRACE === c.f.springboot.SpringBoot03LoggingApplicationTests - 这是trace日志...
2021-11-11 13:51:00.125 === [main] === DEBUG === c.f.springboot.SpringBoot03LoggingApplicationTests - 这是debug日志...
2021-11-11 13:51:00.125 === [main] === INFO  === c.f.springboot.SpringBoot03LoggingApplicationTests - 这是info日志...
2021-11-11 13:51:00.125 === [main] === WARN  === c.f.springboot.SpringBoot03LoggingApplicationTests - 这是warn日志...
2021-11-11 13:51:00.125 === [main] === ERROR === c.f.springboot.SpringBoot03LoggingApplicationTests - 这是error日志...
2021-11-11 13:51:00.129 === [Thread-3] === INFO  === o.s.w.context.support.GenericWebApplicationContext - Closing org.springframework.web.context.support.GenericWebApplicationContext@1757cd72: startup date [Thu Nov 11 13:50:59 CST 2021]; root of context hierarchy
2021-11-11 14:28:54.498 === [restartedMain] === INFO  === c.f.springboot.SpringBoot03LoggingApplication - Starting SpringBoot03LoggingApplication on DESKTOP-HKJ8HDD with PID 16820 (D:\MyCode\springboot1\spring-boot-03-logging\target\classes started by Kavin in D:\MyCode\springboot1\spring-boot-03-logging)
2021-11-11 14:28:54.499 === [restartedMain] === DEBUG === c.f.springboot.SpringBoot03LoggingApplication - Running with Spring Boot v1.5.9.RELEASE, Spring v4.3.13.RELEASE
2021-11-11 14:28:54.499 === [restartedMain] === INFO  === c.f.springboot.SpringBoot03LoggingApplication - No active profile set, falling back to default profiles: default
2021-11-11 14:28:54.524 === [restartedMain] === INFO  === o.s.b.c.e.AnnotationConfigEmbeddedWebApplicationContext - Refreshing org.springframework.boot.context.embedded.AnnotationConfigEmbeddedWebApplicationContext@45a8ce7b: startup date [Thu Nov 11 14:28:54 CST 2021]; root of context hierarchy
2021-11-11 14:28:55.208 === [restartedMain] === INFO  === o.s.b.c.e.tomcat.TomcatEmbeddedServletContainer - Tomcat initialized with port(s): 8080 (http)
2021-11-11 14:28:55.213 === [restartedMain] === INFO  === org.apache.catalina.core.StandardService - Starting service [Tomcat]
2021-11-11 14:28:55.214 === [restartedMain] === INFO  === org.apache.catalina.core.StandardEngine - Starting Servlet Engine: Apache Tomcat/8.5.23
2021-11-11 14:28:55.258 === [localhost-startStop-1] === INFO  === o.a.c.core.ContainerBase.[Tomcat].[localhost].[/] - Initializing Spring embedded WebApplicationContext
2021-11-11 14:28:55.258 === [localhost-startStop-1] === INFO  === org.springframework.web.context.ContextLoader - Root WebApplicationContext: initialization completed in 735 ms
2021-11-11 14:28:55.332 === [localhost-startStop-1] === INFO  === o.s.boot.web.servlet.ServletRegistrationBean - Mapping servlet: 'dispatcherServlet' to [/]
2021-11-11 14:28:55.335 === [localhost-startStop-1] === INFO  === o.s.boot.web.servlet.FilterRegistrationBean - Mapping filter: 'characterEncodingFilter' to: [/*]
2021-11-11 14:28:55.335 === [localhost-startStop-1] === INFO  === o.s.boot.web.servlet.FilterRegistrationBean - Mapping filter: 'hiddenHttpMethodFilter' to: [/*]
2021-11-11 14:28:55.335 === [localhost-startStop-1] === INFO  === o.s.boot.web.servlet.FilterRegistrationBean - Mapping filter: 'httpPutFormContentFilter' to: [/*]
2021-11-11 14:28:55.335 === [localhost-startStop-1] === INFO  === o.s.boot.web.servlet.FilterRegistrationBean - Mapping filter: 'requestContextFilter' to: [/*]
2021-11-11 14:28:55.505 === [restartedMain] === INFO  === o.s.w.s.m.m.a.RequestMappingHandlerAdapter - Looking for @ControllerAdvice: org.springframework.boot.context.embedded.AnnotationConfigEmbeddedWebApplicationContext@45a8ce7b: startup date [Thu Nov 11 14:28:54 CST 2021]; root of context hierarchy
2021-11-11 14:28:55.538 === [restartedMain] === INFO  === o.s.w.s.m.m.a.RequestMappingHandlerMapping - Mapped "{[/error]}" onto public org.springframework.http.ResponseEntity<java.util.Map<java.lang.String, java.lang.Object>> org.springframework.boot.autoconfigure.web.BasicErrorController.error(javax.servlet.http.HttpServletRequest)
2021-11-11 14:28:55.539 === [restartedMain] === INFO  === o.s.w.s.m.m.a.RequestMappingHandlerMapping - Mapped "{[/error],produces=[text/html]}" onto public org.springframework.web.servlet.ModelAndView org.springframework.boot.autoconfigure.web.BasicErrorController.errorHtml(javax.servlet.http.HttpServletRequest,javax.servlet.http.HttpServletResponse)
2021-11-11 14:28:55.564 === [restartedMain] === INFO  === o.s.web.servlet.handler.SimpleUrlHandlerMapping - Mapped URL path [/webjars/**] onto handler of type [class org.springframework.web.servlet.resource.ResourceHttpRequestHandler]
2021-11-11 14:28:55.565 === [restartedMain] === INFO  === o.s.web.servlet.handler.SimpleUrlHandlerMapping - Mapped URL path [/**] onto handler of type [class org.springframework.web.servlet.resource.ResourceHttpRequestHandler]
2021-11-11 14:28:55.585 === [restartedMain] === INFO  === o.s.web.servlet.handler.SimpleUrlHandlerMapping - Mapped URL path [/**/favicon.ico] onto handler of type [class org.springframework.web.servlet.resource.ResourceHttpRequestHandler]
2021-11-11 14:28:55.656 === [restartedMain] === INFO  === o.s.b.d.autoconfigure.OptionalLiveReloadServer - LiveReload server is running on port 35729
2021-11-11 14:28:55.718 === [restartedMain] === INFO  === o.s.jmx.export.annotation.AnnotationMBeanExporter - Registering beans for JMX exposure on startup
2021-11-11 14:28:55.745 === [restartedMain] === INFO  === o.s.b.c.e.tomcat.TomcatEmbeddedServletContainer - Tomcat started on port(s): 8080 (http)
2021-11-11 14:28:55.748 === [restartedMain] === INFO  === c.f.springboot.SpringBoot03LoggingApplication - Started SpringBoot03LoggingApplication in 1.391 seconds (JVM running for 2.239)
2021-11-11 14:29:00.851 === [Thread-11] === INFO  === o.s.b.c.e.AnnotationConfigEmbeddedWebApplicationContext - Closing org.springframework.boot.context.embedded.AnnotationConfigEmbeddedWebApplicationContext@45a8ce7b: startup date [Thu Nov 11 14:28:54 CST 2021]; root of context hierarchy
2021-11-11 14:29:00.853 === [Thread-11] === INFO  === o.s.jmx.export.annotation.AnnotationMBeanExporter - Unregistering JMX-exposed beans on shutdown
2021-11-11 14:29:10.469 === [main] === INFO  === c.f.springboot.SpringBoot03LoggingApplicationTests - Starting SpringBoot03LoggingApplicationTests on DESKTOP-HKJ8HDD with PID 14072 (started by Kavin in D:\MyCode\springboot1\spring-boot-03-logging)
2021-11-11 14:29:10.469 === [main] === DEBUG === c.f.springboot.SpringBoot03LoggingApplicationTests - Running with Spring Boot v1.5.9.RELEASE, Spring v4.3.13.RELEASE
2021-11-11 14:29:10.470 === [main] === INFO  === c.f.springboot.SpringBoot03LoggingApplicationTests - No active profile set, falling back to default profiles: default
2021-11-11 14:29:10.494 === [main] === INFO  === o.s.w.context.support.GenericWebApplicationContext - Refreshing org.springframework.web.context.support.GenericWebApplicationContext@1757cd72: startup date [Thu Nov 11 14:29:10 CST 2021]; root of context hierarchy
2021-11-11 14:29:11.191 === [main] === INFO  === o.s.w.s.m.m.a.RequestMappingHandlerAdapter - Looking for @ControllerAdvice: org.springframework.web.context.support.GenericWebApplicationContext@1757cd72: startup date [Thu Nov 11 14:29:10 CST 2021]; root of context hierarchy
2021-11-11 14:29:11.237 === [main] === INFO  === o.s.w.s.m.m.a.RequestMappingHandlerMapping - Mapped "{[/error]}" onto public org.springframework.http.ResponseEntity<java.util.Map<java.lang.String, java.lang.Object>> org.springframework.boot.autoconfigure.web.BasicErrorController.error(javax.servlet.http.HttpServletRequest)
2021-11-11 14:29:11.239 === [main] === INFO  === o.s.w.s.m.m.a.RequestMappingHandlerMapping - Mapped "{[/error],produces=[text/html]}" onto public org.springframework.web.servlet.ModelAndView org.springframework.boot.autoconfigure.web.BasicErrorController.errorHtml(javax.servlet.http.HttpServletRequest,javax.servlet.http.HttpServletResponse)
2021-11-11 14:29:11.256 === [main] === INFO  === o.s.web.servlet.handler.SimpleUrlHandlerMapping - Mapped URL path [/webjars/**] onto handler of type [class org.springframework.web.servlet.resource.ResourceHttpRequestHandler]
2021-11-11 14:29:11.256 === [main] === INFO  === o.s.web.servlet.handler.SimpleUrlHandlerMapping - Mapped URL path [/**] onto handler of type [class org.springframework.web.servlet.resource.ResourceHttpRequestHandler]
2021-11-11 14:29:11.277 === [main] === INFO  === o.s.web.servlet.handler.SimpleUrlHandlerMapping - Mapped URL path [/**/favicon.ico] onto handler of type [class org.springframework.web.servlet.resource.ResourceHttpRequestHandler]
2021-11-11 14:29:11.359 === [main] === INFO  === c.f.springboot.SpringBoot03LoggingApplicationTests - Started SpringBoot03LoggingApplicationTests in 1.037 seconds (JVM running for 1.418)
2021-11-11 14:29:11.386 === [main] === TRACE === c.f.springboot.SpringBoot03LoggingApplicationTests - 这是trace日志...
2021-11-11 14:29:11.386 === [main] === DEBUG === c.f.springboot.SpringBoot03LoggingApplicationTests - 这是debug日志...
2021-11-11 14:29:11.386 === [main] === INFO  === c.f.springboot.SpringBoot03LoggingApplicationTests - 这是info日志...
2021-11-11 14:29:11.386 === [main] === WARN  === c.f.springboot.SpringBoot03LoggingApplicationTests - 这是warn日志...
2021-11-11 14:29:11.386 === [main] === ERROR === c.f.springboot.SpringBoot03LoggingApplicationTests - 这是error日志...
2021-11-11 14:29:11.389 === [Thread-3] === INFO  === o.s.w.context.support.GenericWebApplicationContext - Closing org.springframework.web.context.support.GenericWebApplicationContext@1757cd72: startup date [Thu Nov 11 14:29:10 CST 2021]; root of context hierarchy
2021-11-11 14:42:13.958  INFO 5272 --- [main] .f.s.SpringBoot03LoggingApplicationTests : Starting SpringBoot03LoggingApplicationTests on DESKTOP-HKJ8HDD with PID 5272 (started by Kavin in D:\MyCode\springboot1\spring-boot-03-logging)
2021-11-11 14:42:13.961 DEBUG 5272 --- [main] .f.s.SpringBoot03LoggingApplicationTests : Running with Spring Boot v1.5.9.RELEASE, Spring v4.3.13.RELEASE
2021-11-11 14:42:13.961  INFO 5272 --- [main] .f.s.SpringBoot03LoggingApplicationTests : No active profile set, falling back to default profiles: default
2021-11-11 14:42:13.988  INFO 5272 --- [main] o.s.w.c.s.GenericWebApplicationContext   : Refreshing org.springframework.web.context.support.GenericWebApplicationContext@30f842ca: startup date [Thu Nov 11 14:42:13 CST 2021]; root of context hierarchy
2021-11-11 14:42:14.672  INFO 5272 --- [main] s.w.s.m.m.a.RequestMappingHandlerAdapter : Looking for @ControllerAdvice: org.springframework.web.context.support.GenericWebApplicationContext@30f842ca: startup date [Thu Nov 11 14:42:13 CST 2021]; root of context hierarchy
2021-11-11 14:42:14.713  INFO 5272 --- [main] s.w.s.m.m.a.RequestMappingHandlerMapping : Mapped "{[/error]}" onto public org.springframework.http.ResponseEntity<java.util.Map<java.lang.String, java.lang.Object>> org.springframework.boot.autoconfigure.web.BasicErrorController.error(javax.servlet.http.HttpServletRequest)
2021-11-11 14:42:14.714  INFO 5272 --- [main] s.w.s.m.m.a.RequestMappingHandlerMapping : Mapped "{[/error],produces=[text/html]}" onto public org.springframework.web.servlet.ModelAndView org.springframework.boot.autoconfigure.web.BasicErrorController.errorHtml(javax.servlet.http.HttpServletRequest,javax.servlet.http.HttpServletResponse)
2021-11-11 14:42:14.729  INFO 5272 --- [main] o.s.w.s.h.SimpleUrlHandlerMapping        : Mapped URL path [/webjars/**] onto handler of type [class org.springframework.web.servlet.resource.ResourceHttpRequestHandler]
2021-11-11 14:42:14.729  INFO 5272 --- [main] o.s.w.s.h.SimpleUrlHandlerMapping        : Mapped URL path [/**] onto handler of type [class org.springframework.web.servlet.resource.ResourceHttpRequestHandler]
2021-11-11 14:42:14.748  INFO 5272 --- [main] o.s.w.s.h.SimpleUrlHandlerMapping        : Mapped URL path [/**/favicon.ico] onto handler of type [class org.springframework.web.servlet.resource.ResourceHttpRequestHandler]
2021-11-11 14:42:14.820  INFO 5272 --- [main] .f.s.SpringBoot03LoggingApplicationTests : Started SpringBoot03LoggingApplicationTests in 1.043 seconds (JVM running for 1.545)
2021-11-11 14:42:14.847 TRACE 5272 --- [main] .f.s.SpringBoot03LoggingApplicationTests : 这是trace日志...
2021-11-11 14:42:14.848 DEBUG 5272 --- [main] .f.s.SpringBoot03LoggingApplicationTests : 这是debug日志...
2021-11-11 14:42:14.848  INFO 5272 --- [main] .f.s.SpringBoot03LoggingApplicationTests : 这是info日志...
2021-11-11 14:42:14.848  WARN 5272 --- [main] .f.s.SpringBoot03LoggingApplicationTests : 这是warn日志...
2021-11-11 14:42:14.848 ERROR 5272 --- [main] .f.s.SpringBoot03LoggingApplicationTests : 这是error日志...
2021-11-11 14:42:14.851  INFO 5272 --- [Thread-3] o.s.w.c.s.GenericWebApplicationContext   : Closing org.springframework.web.context.support.GenericWebApplicationContext@30f842ca: startup date [Thu Nov 11 14:42:13 CST 2021]; root of context hierarchy
